[[2, 3, 4, 5]]
35
[[2, 3, 4, 5], [-2, 3, 4, -5], [2, -3, -4, 5], [-2, -3, -4, -5]]
37
[[2, 3, 4, 5]]
33
[[2, 3, 4, 5], [-2, 3, 4, -5], [2, -3, -4, 5], [-2, -3, -4, -5]]
37
[[2, 3, 4, 5]]
35
[[2, 3, 4, 5], [-2, 3, 4, -5], [2, -3, -4, 5], [-2, -3, -4, -5]]
37
[[2, 3, 4, 5]]
32
[[2, 3, 4, 5], [-2, 3, 4, -5], [2, -3, -4, 5], [-2, -3, -4, -5]]
37
[[2, 3, 4, 5]]
33
[[2, 3, 4, 5], [-2, 3, 4, -5], [2, -3, -4, 5], [-2, -3, -4, -5]]
37
[[2, 3, 4, 5]]
29
[[2, 3, 4, 5], [-2, 3, 4, -5], [2, -3, -4, 5], [-2, -3, -4, -5]]
37
[[2, 3, 4, 5]]
17
[[2, 3, 4, 5], [-2, 3, 4, -5], [2, -3, -4, 5], [-2, -3, -4, -5]]
37
[[2, 3, 4, 5]]
20
[[2, 3, 4, 5], [-2, 3, 4, -5], [2, -3, -4, 5], [-2, -3, -4, -5]]
37
[[2, 3, 4, 5]]
29
[[2, 3, 4, 5], [-2, 3, 4, -5], [2, -3, -4, 5], [-2, -3, -4, -5]]
37
[[2, 3, 4, 5]]
36
[[2, 3, 4, 5], [-2, 3, 4, -5], [2, -3, -4, 5], [-2, -3, -4, -5]]
37
[[2, 3, 4, 5, 6, 7]]
35
[[2, 3, 4, 5, 6, 7], [-2, 3, 4, 5, 6, -7], [2, -3, 4, 5, -6, 7], [2, 3, -4, -5, 6, 7], [-2, -3, 4, 5, -6, -7], [-2, 3, -4, -5, 6, -7], [2, -3, -4, -5, -6, 7], [-2, -3, -4, -5, -6, -7]]
667
